<?xml version="1.0" encoding="UTF-8"?>
<!-- Generated by org.testng.reporters.JUnitXMLReporter -->
<testsuite ignored="0" hostname="DESKTOP-MR7MTO6" failures="0" tests="4" name="Default test" time="233.281" errors="0" timestamp="2022-06-15T18:07:00 IST">
  <testcase classname="testase_360.RegularVisitorTest" name="RegularVisitors" time="40.67"/>
  <testcase classname="testase_360.RegularVisitorTest" name="RegularVisitorsSort" time="56.394"/>
  <testcase classname="testase_360.RegularVisitorTest" name="RegularVisitorsSearch" time="88.684"/>
  <testcase classname="testase_360.RegularVisitorTest" name="RegularVisitorsDetails" time="46.779"/>
</testsuite> <!-- Default test -->
