<?xml version="1.0" encoding="UTF-8"?>
<!-- Generated by org.testng.reporters.JUnitXMLReporter -->
<testsuite ignored="0" hostname="DESKTOP-MR7MTO6" failures="0" tests="4" name="Test" time="204.974" errors="0" timestamp="2022-05-12T10:26:48 IST">
  <testcase classname="testase_360.LoginTest" name="checkLogin" time="27.065"/>
  <testcase classname="testase_360.PropertyFunctionalityTest" name="Property" time="93.268"/>
  <testcase classname="testase_360.LogoutTest" name="checkLogin" time="38.446"/>
  <testcase classname="testase_360.PropertyTest" name="Property" time="45.583"/>
</testsuite> <!-- Test -->
