<?xml version="1.0" encoding="UTF-8"?>
<!-- Generated by org.testng.reporters.JUnitXMLReporter -->
<testsuite ignored="0" hostname="DESKTOP-MR7MTO6" failures="0" tests="4" name="Test" time="198.866" errors="0" timestamp="2022-05-10T13:20:22 IST">
  <testcase classname="testase_360.LoginTest" name="checkLogin" time="26.916"/>
  <testcase classname="testase_360.PropertyFunctionalityTest" name="Property" time="93.206"/>
  <testcase classname="testase_360.LogoutTest" name="checkLogin" time="36.863"/>
  <testcase classname="testase_360.PropertyTest" name="Property" time="41.276"/>
</testsuite> <!-- Test -->
