<?xml version="1.0" encoding="UTF-8"?>
<testng-results ignored="0" total="1" passed="1" failed="0" skipped="0">
  <reporter-output>
  </reporter-output>
  <suite started-at="2022-05-13T12:43:41 IST" name="Default suite" finished-at="2022-05-13T12:44:36 IST" duration-ms="54354">
    <groups>
      <group name="sanity">
        <method signature="BlocksWingsTest.BlockTests()[pri:0, instance:testase_360.BlocksWingsTest@5e0826e7]" name="BlockTests" class="testase_360.BlocksWingsTest"/>
      </group> <!-- sanity -->
    </groups>
    <test started-at="2022-05-13T12:43:41 IST" name="Default test" finished-at="2022-05-13T12:44:36 IST" duration-ms="54354">
      <class name="testase_360.BlocksWingsTest">
        <test-method signature="BlockTests()[pri:0, instance:testase_360.BlocksWingsTest@5e0826e7]" started-at="2022-05-13T12:43:41 IST" name="BlockTests" finished-at="2022-05-13T12:44:36 IST" duration-ms="54192" status="PASS">
          <reporter-output>
          </reporter-output>
        </test-method> <!-- BlockTests -->
        <test-method is-config="true" signature="teardown()[pri:0, instance:testase_360.BlocksWingsTest@5e0826e7]" started-at="2022-05-13T12:44:36 IST" name="teardown" finished-at="2022-05-13T12:44:36 IST" duration-ms="138" status="PASS">
          <reporter-output>
          </reporter-output>
        </test-method> <!-- teardown -->
      </class> <!-- testase_360.BlocksWingsTest -->
    </test> <!-- Default test -->
  </suite> <!-- Default suite -->
</testng-results>
